<?xml version="1.0" encoding="UTF-8"?>
<!-- Generated by org.testng.reporters.JUnitReportReporter -->
<testsuite skipped="0" hostname="ChristiansSamsung" name="com.Class03.BasicXMLPartOne" tests="3" failures="0" timestamp="05 Jun 2019 23:54:14 GMT" time="0.012" errors="0">
  <testcase name="testTwoFromBasic1" time="0.001" classname="com.Class03.BasicXMLPartOne"/>
  <testcase name="testOneFromBasic1" time="0.009" classname="com.Class03.BasicXMLPartOne"/>
  <testcase name="testThreeFromBasic1" time="0.002" classname="com.Class03.BasicXMLPartOne"/>
</testsuite> <!-- com.Class03.BasicXMLPartOne -->
