<?xml version="1.0" encoding="UTF-8"?>
<!-- Generated by org.testng.reporters.JUnitReportReporter -->
<testsuite skipped="0" hostname="ChristiansSamsung" name="com.Class01.MethodsExample" tests="4" failures="0" timestamp="06 Jun 2019 01:01:13 GMT" time="0.021" errors="0">
  <testcase name="One" time="0.004" classname="com.Class01.MethodsExample"/>
  <testcase name="Three" time="0.004" classname="com.Class01.MethodsExample"/>
  <testcase name="Four" time="0.010" classname="com.Class01.MethodsExample"/>
  <testcase name="Two" time="0.003" classname="com.Class01.MethodsExample"/>
</testsuite> <!-- com.Class01.MethodsExample -->
