<?xml version="1.0" encoding="UTF-8"?>
<!-- Generated by org.testng.reporters.JUnitReportReporter -->
<testsuite skipped="0" hostname="ChristiansSamsung" name="com.Class01.Demo" tests="1" failures="0" timestamp="06 Jun 2019 01:01:29 GMT" time="0.011" errors="0">
  <testcase name="helloWorld" time="0.011" classname="com.Class01.Demo"/>
</testsuite> <!-- com.Class01.Demo -->
