<?xml version="1.0" encoding="UTF-8"?>
<!-- Generated by org.testng.reporters.JUnitReportReporter -->
<testsuite skipped="0" hostname="ChristiansSamsung" name="com.Class04.parameterExampleOne" tests="1" failures="0" timestamp="11 Jun 2019 17:39:11 GMT" time="0.011" errors="0">
  <testcase name="userNames" time="0.011" classname="com.Class04.parameterExampleOne"/>
</testsuite> <!-- com.Class04.parameterExampleOne -->
