<?xml version="1.0" encoding="UTF-8"?>
<!-- Generated by org.testng.reporters.JUnitReportReporter -->
<testsuite skipped="0" hostname="ChristiansSamsung" name="com.Class02.priortyExampleTwo" tests="2" failures="0" timestamp="30 May 2019 23:54:48 GMT" time="2.888" errors="0">
  <testcase name="login" time="0.824" classname="com.Class02.priortyExampleTwo"/>
  <testcase name="mainPage" time="2.064" classname="com.Class02.priortyExampleTwo"/>
</testsuite> <!-- com.Class02.priortyExampleTwo -->
