<?xml version="1.0" encoding="UTF-8"?>
<!-- Generated by org.testng.reporters.JUnitReportReporter -->
<testsuite skipped="0" hostname="ChristiansSamsung" name="com.Class02.Priority" tests="4" failures="0" timestamp="30 May 2019 23:05:25 GMT" time="0.020" errors="0">
  <testcase name="first" time="0.014" classname="com.Class02.Priority"/>
  <testcase name="second" time="0.002" classname="com.Class02.Priority"/>
  <testcase name="third" time="0.002" classname="com.Class02.Priority"/>
  <testcase name="forth" time="0.002" classname="com.Class02.Priority"/>
</testsuite> <!-- com.Class02.Priority -->
