<?xml version="1.0" encoding="UTF-8"?>
<!-- Generated by org.testng.reporters.JUnitReportReporter -->
<testsuite skipped="0" hostname="ChristiansSamsung" name="com.Class03.GroupsExample" tests="4" failures="0" timestamp="06 Jun 2019 00:59:40 GMT" time="0.020" errors="0">
  <testcase name="Two" time="0.001" classname="com.Class03.GroupsExample"/>
  <testcase name="one" time="0.001" classname="com.Class03.GroupsExample"/>
  <testcase name="Four" time="0.016" classname="com.Class03.GroupsExample"/>
  <testcase name="Three" time="0.002" classname="com.Class03.GroupsExample"/>
</testsuite> <!-- com.Class03.GroupsExample -->
