<?xml version="1.0" encoding="UTF-8"?>
<!-- Generated by org.testng.reporters.JUnitReportReporter -->
<testsuite skipped="0" hostname="ChristiansSamsung" name="com.Class03.BasicXMLPartTwo" tests="3" failures="0" timestamp="05 Jun 2019 23:54:14 GMT" time="0.003" errors="0">
  <testcase name="testThreeFromBasic2" time="0.001" classname="com.Class03.BasicXMLPartTwo"/>
  <testcase name="testTwoFromBasic2" time="0.001" classname="com.Class03.BasicXMLPartTwo"/>
  <testcase name="testOneFromBasic2" time="0.001" classname="com.Class03.BasicXMLPartTwo"/>
</testsuite> <!-- com.Class03.BasicXMLPartTwo -->
