<?xml version="1.0" encoding="UTF-8"?>
<!-- Generated by org.testng.reporters.JUnitReportReporter -->
<testsuite skipped="0" hostname="ChristiansSamsung" name="com.Class04.DataProviderTest" tests="3" failures="0" timestamp="12 Jun 2019 00:06:11 GMT" time="0.019" errors="0">
  <testcase name="getData" time="0.001" classname="com.Class04.DataProviderTest"/>
  <testcase name="getData" time="0.001" classname="com.Class04.DataProviderTest"/>
  <testcase name="getData" time="0.017" classname="com.Class04.DataProviderTest"/>
</testsuite> <!-- com.Class04.DataProviderTest -->
