<?xml version="1.0" encoding="UTF-8"?>
<!-- Generated by org.testng.reporters.JUnitReportReporter -->
<testsuite skipped="0" hostname="ChristiansSamsung" name="com.Class04.ToolsQaExample" tests="4" failures="0" timestamp="11 Jun 2019 17:53:49 GMT" time="36.872" errors="0">
  <testcase name="getData" time="10.795" classname="com.Class04.ToolsQaExample"/>
  <testcase name="getData" time="10.537" classname="com.Class04.ToolsQaExample"/>
  <testcase name="getData" time="6.036" classname="com.Class04.ToolsQaExample"/>
  <testcase name="getData" time="9.504" classname="com.Class04.ToolsQaExample"/>
</testsuite> <!-- com.Class04.ToolsQaExample -->
