<?xml version="1.0" encoding="UTF-8"?>
<!-- Generated by org.testng.reporters.JUnitReportReporter -->
<testsuite skipped="0" hostname="ChristiansSamsung" name="com.Class03.TaskOne" tests="3" failures="0" timestamp="11 Jun 2019 17:11:55 GMT" time="1.239" errors="0">
  <testcase name="userOne" time="0.523" classname="com.Class03.TaskOne"/>
  <testcase name="userThree" time="0.401" classname="com.Class03.TaskOne"/>
  <testcase name="userTwo" time="0.315" classname="com.Class03.TaskOne"/>
</testsuite> <!-- com.Class03.TaskOne -->
